<?xml version="1.0" encoding="UTF-8" standalone="no"?>
<!DOCTYPE log SYSTEM "logger.dtd">
<log>
<record>
  <date>2020-05-21T11:11:23</date>
  <millis>1590030683267</millis>
  <sequence>0</sequence>
  <level>START</level>
  <class>com.kms.katalon.core.logging.XmlKeywordLogger</class>
  <method>startSuite</method>
  <thread>1</thread>
  <message>Start Test Suite : Test Suites/MakeLoan</message>
  <nestedLevel>0</nestedLevel>
  <property name="name">MakeLoan</property>
  <property name="description"></property>
  <property name="id">Test Suites/MakeLoan</property>
</record>
<record>
  <date>2020-05-21T11:11:23</date>
  <millis>1590030683276</millis>
  <sequence>1</sequence>
  <level>RUN_DATA</level>
  <class>com.kms.katalon.core.logging.XmlKeywordLogger</class>
  <method>logMessage</method>
  <thread>1</thread>
  <message>hostName = EDZ - LAPTOP-EEQONEP4</message>
  <nestedLevel>0</nestedLevel>
  <property name="hostName">EDZ - LAPTOP-EEQONEP4</property>
</record>
<record>
  <date>2020-05-21T11:11:23</date>
  <millis>1590030683277</millis>
  <sequence>2</sequence>
  <level>RUN_DATA</level>
  <class>com.kms.katalon.core.logging.XmlKeywordLogger</class>
  <method>logMessage</method>
  <thread>1</thread>
  <message>os = Windows 10 64bit</message>
  <nestedLevel>0</nestedLevel>
  <property name="os">Windows 10 64bit</property>
</record>
<record>
  <date>2020-05-21T11:11:23</date>
  <millis>1590030683278</millis>
  <sequence>3</sequence>
  <level>RUN_DATA</level>
  <class>com.kms.katalon.core.logging.XmlKeywordLogger</class>
  <method>logMessage</method>
  <thread>1</thread>
  <message>hostAddress = 192.168.0.137</message>
  <nestedLevel>0</nestedLevel>
  <property name="hostAddress">192.168.0.137</property>
</record>
<record>
  <date>2020-05-21T11:11:23</date>
  <millis>1590030683278</millis>
  <sequence>4</sequence>
  <level>RUN_DATA</level>
  <class>com.kms.katalon.core.logging.XmlKeywordLogger</class>
  <method>logMessage</method>
  <thread>1</thread>
  <message>katalonVersion = 6.3.3.11</message>
  <nestedLevel>0</nestedLevel>
  <property name="katalonVersion">6.3.3.11</property>
</record>
<record>
  <date>2020-05-21T11:11:23</date>
  <millis>1590030683408</millis>
  <sequence>5</sequence>
  <level>START</level>
  <class>com.kms.katalon.core.logging.XmlKeywordLogger</class>
  <method>startKeyword</method>
  <thread>1</thread>
  <message>Start setup action : setUp</message>
  <nestedLevel>0</nestedLevel>
  <property name="isIgnoredIfFailed">false</property>
</record>
<record>
  <date>2020-05-21T11:11:23</date>
  <millis>1590030683554</millis>
  <sequence>6</sequence>
  <level>START</level>
  <class>com.kms.katalon.core.logging.XmlKeywordLogger</class>
  <method>startKeyword</method>
  <thread>1</thread>
  <message>Start action : openBrowser()</message>
  <nestedLevel>1</nestedLevel>
  <property name="startLine">37</property>
  <property name="stepIndex">1</property>
</record>
<record>
  <date>2020-05-21T11:11:23</date>
  <millis>1590030683572</millis>
  <sequence>7</sequence>
  <level>END</level>
  <class>com.kms.katalon.core.logging.XmlKeywordLogger</class>
  <method>endKeyword</method>
  <thread>1</thread>
  <message>End action : openBrowser()</message>
  <nestedLevel>1</nestedLevel>
</record>
<record>
  <date>2020-05-21T11:11:23</date>
  <millis>1590030683582</millis>
  <sequence>9</sequence>
  <level>ERROR</level>
  <class>com.kms.katalon.core.logging.XmlKeywordLogger</class>
  <method>logMessage</method>
  <thread>1</thread>
  <message>Could not find which method openBrowser() to invoke from this list:\n  public static void com.kms.katalon.core.webui.keyword.WebUiBuiltInKeywords#openBrowser(java.lang.String)\n  public static void com.kms.katalon.core.webui.keyword.WebUiBuiltInKeywords#openBrowser(java.lang.String, com.kms.katalon.core.model.FailureHandling)</message>
  <nestedLevel>0</nestedLevel>
  <property name="failed.exception.class">org.codehaus.groovy.runtime.metaclass.MethodSelectionException</property>
  <property name="failed.exception.stacktrace">org.codehaus.groovy.runtime.metaclass.MethodSelectionException: Could not find which method openBrowser() to invoke from this list:\n  public static void com.kms.katalon.core.webui.keyword.WebUiBuiltInKeywords#openBrowser(java.lang.String)\n  public static void com.kms.katalon.core.webui.keyword.WebUiBuiltInKeywords#openBrowser(java.lang.String, com.kms.katalon.core.model.FailureHandling)\r\n\tat MakeLoan.setUp(MakeLoan.groovy:37)\r\n\tat com.kms.katalon.core.main.ScriptEngine.runScriptMethodAsRawText(ScriptEngine.java:133)\r\n\tat com.kms.katalon.core.main.TestSuiteExecutor.runMethod(TestSuiteExecutor.java:215)\r\n\tat com.kms.katalon.core.main.TestSuiteExecutor.lambda$0(TestSuiteExecutor.java:194)\r\n\tat com.kms.katalon.core.main.TestSuiteExecutor.invokeTestSuiteMethod(TestSuiteExecutor.java:193)\r\n\tat com.kms.katalon.core.main.TestSuiteExecutor.accessTestSuiteMainPhase(TestSuiteExecutor.java:118)\r\n\tat com.kms.katalon.core.main.TestSuiteExecutor.execute(TestSuiteExecutor.java:91)\r\n\tat com.kms.katalon.core.main.TestCaseMain.startTestSuite(TestCaseMain.java:157)\r\n\tat com.kms.katalon.core.main.TestCaseMain$startTestSuite$0.call(Unknown Source)\r\n\tat TempTestSuite1590030682223.run(TempTestSuite1590030682223.groovy:35)\r\n</property>
  <property name="failed.exception.message">Could not find which method openBrowser() to invoke from this list:\n  public static void com.kms.katalon.core.webui.keyword.WebUiBuiltInKeywords#openBrowser(java.lang.String)\n  public static void com.kms.katalon.core.webui.keyword.WebUiBuiltInKeywords#openBrowser(java.lang.String, com.kms.katalon.core.model.FailureHandling)</property>
</record>
<record>
  <date>2020-05-21T11:11:23</date>
  <millis>1590030683583</millis>
  <sequence>10</sequence>
  <level>END</level>
  <class>com.kms.katalon.core.logging.XmlKeywordLogger</class>
  <method>endKeyword</method>
  <thread>1</thread>
  <message>End End action : setUp</message>
  <nestedLevel>0</nestedLevel>
</record>
<record>
  <date>2020-05-21T11:11:23</date>
  <millis>1590030683679</millis>
  <sequence>11</sequence>
  <level>END</level>
  <class>com.kms.katalon.core.logging.XmlKeywordLogger</class>
  <method>endSuite</method>
  <thread>1</thread>
  <message>End Test Suite : Test Suites/MakeLoan</message>
  <nestedLevel>0</nestedLevel>
</record>
</log>
